<?xml version="1.0" encoding="UTF-8"?>
<testsuite xmlns:xsi="http://www.w3.org/2001/XMLSchema-instance" xsi:noNamespaceSchemaLocation="https://maven.apache.org/surefire/maven-surefire-plugin/xsd/surefire-test-report.xsd" name="geocoding.AddressResolverTest" time="0.372" tests="2" errors="0" skipped="0" failures="0">
  <properties>
[...]
</properties>
  <testcase name="whenGoodAlboiGps_returnAddress" classname="geocoding.AddressResolverTest" time="0.356"/>
  <testcase name="whenBadCoordidates_throwBadArrayindex" classname="geocoding.AddressResolverTest" time="0.005"/>
</testsuite>